Using pre-set license
Built from '2020.3/staging' branch; Version is '2020.3.17f1 (a4537701e4ab) revision 10769271'; Using compiler version '192528614'; Build Type 'Release'
OS: 'Windows 10 Home; OS build 19042.1165; Version 2009; 64bit' Language: 'en' Physical Memory: 7942 MB
BatchMode: 1, IsHumanControllingUs: 0, StartBugReporterOnCrash: 0, Is64bit: 1, IsPro: 0

COMMAND LINE ARGUMENTS:
C:\Program Files\Unity\Hub\Editor\2020.3.17f1\Editor\Unity.exe
-adb2
-batchMode
-noUpm
-name
AssetImportWorker0
-projectPath
C:/Users/mapie/Desktop/Alternate Realities/Hello Unity Project
-logFile
Logs/AssetImportWorker0.log
-srvPort
50838
Successfully changed project path to: C:/Users/mapie/Desktop/Alternate Realities/Hello Unity Project
C:/Users/mapie/Desktop/Alternate Realities/Hello Unity Project
Using Asset Import Pipeline V2.
Refreshing native plugins compatible for Editor in 109.07 ms, found 2 plugins.
Preloading 0 native plugins for Editor in 0.00 ms.
Initialize engine version: 2020.3.17f1 (a4537701e4ab)
[Subsystems] Discovering subsystems at path C:/Program Files/Unity/Hub/Editor/2020.3.17f1/Editor/Data/Resources/UnitySubsystems
[Subsystems] Discovering subsystems at path C:/Users/mapie/Desktop/Alternate Realities/Hello Unity Project/Assets
GfxDevice: creating device client; threaded=0
Direct3D:
    Version:  Direct3D 11.0 [level 11.1]
    Renderer: Intel(R) UHD Graphics (ID=0x9b41)
    Vendor:   
    VRAM:     3971 MB
    Driver:   26.20.100.6911
Initialize mono
Mono path[0] = 'C:/Program Files/Unity/Hub/Editor/2020.3.17f1/Editor/Data/Managed'
Mono path[1] = 'C:/Program Files/Unity/Hub/Editor/2020.3.17f1/Editor/Data/MonoBleedingEdge/lib/mono/unityjit'
Mono config path = 'C:/Program Files/Unity/Hub/Editor/2020.3.17f1/Editor/Data/MonoBleedingEdge/etc'
Using monoOptions --debugger-agent=transport=dt_socket,embedding=1,server=y,suspend=n,address=127.0.0.1:56080
Begin MonoManager ReloadAssembly
Registering precompiled unity dll's ...
Register platform support module: C:/Program Files/Unity/Hub/Editor/2020.3.17f1/Editor/Data/PlaybackEngines/WindowsStandaloneSupport/UnityEditor.WindowsStandalone.Extensions.dll
Registered in 0.008809 seconds.
Native extension for WindowsStandalone target not found
Refreshing native plugins compatible for Editor in 108.64 ms, found 2 plugins.
Preloading 0 native plugins for Editor in 0.00 ms.
Mono: successfully reloaded assembly
- Completed reload, in  6.177 seconds
Domain Reload Profiling:
	ReloadAssembly (6178ms)
		BeginReloadAssembly (211ms)
			ExecutionOrderSort (0ms)
			DisableScriptedObjects (0ms)
			BackupInstance (0ms)
			ReleaseScriptingObjects (0ms)
			CreateAndSetChildDomain (3ms)
		EndReloadAssembly (1428ms)
			LoadAssemblies (201ms)
			RebuildTransferFunctionScriptingTraits (11ms)
			SetupTypeCache (514ms)
			ReleaseScriptCaches (0ms)
			RebuildScriptCaches (121ms)
			SetupLoadedEditorAssemblies (552ms)
				LogAssemblyErrors (0ms)
				InitializePlatformSupportModulesInManaged (13ms)
				SetLoadedEditorAssemblies (1ms)
				RefreshPlugins (109ms)
				BeforeProcessingInitializeOnLoad (30ms)
				ProcessInitializeOnLoadAttributes (297ms)
				ProcessInitializeOnLoadMethodAttributes (101ms)
				AfterProcessingInitializeOnLoad (0ms)
				EditorAssembliesLoaded (1ms)
			ExecutionOrderSort2 (0ms)
			AwakeInstancesAfterBackupRestoration (0ms)
Platform modules already initialized, skipping
Registering precompiled user dll's ...
Registered in 0.020488 seconds.
Begin MonoManager ReloadAssembly
Native extension for WindowsStandalone target not found
Refreshing native plugins compatible for Editor in 0.78 ms, found 2 plugins.
Preloading 0 native plugins for Editor in 0.00 ms.
Mono: successfully reloaded assembly
- Completed reload, in  3.718 seconds
Domain Reload Profiling:
	ReloadAssembly (3721ms)
		BeginReloadAssembly (484ms)
			ExecutionOrderSort (0ms)
			DisableScriptedObjects (17ms)
			BackupInstance (0ms)
			ReleaseScriptingObjects (0ms)
			CreateAndSetChildDomain (54ms)
		EndReloadAssembly (2976ms)
			LoadAssemblies (314ms)
			RebuildTransferFunctionScriptingTraits (0ms)
			SetupTypeCache (945ms)
			ReleaseScriptCaches (1ms)
			RebuildScriptCaches (160ms)
			SetupLoadedEditorAssemblies (1206ms)
				LogAssemblyErrors (0ms)
				InitializePlatformSupportModulesInManaged (13ms)
				SetLoadedEditorAssemblies (1ms)
				RefreshPlugins (1ms)
				BeforeProcessingInitializeOnLoad (185ms)
				ProcessInitializeOnLoadAttributes (974ms)
				ProcessInitializeOnLoadMethodAttributes (11ms)
				AfterProcessingInitializeOnLoad (20ms)
				EditorAssembliesLoaded (1ms)
			ExecutionOrderSort2 (0ms)
			AwakeInstancesAfterBackupRestoration (23ms)
Platform modules already initialized, skipping
========================================================================
Worker process is ready to serve import requests
Launched and connected shader compiler UnityShaderCompiler.exe after 0.11 seconds
Refreshing native plugins compatible for Editor in 0.95 ms, found 2 plugins.
Preloading 0 native plugins for Editor in 0.00 ms.
Unloading 1397 Unused Serialized files (Serialized files now loaded: 0)
System memory in use before: 64.9 MB.
System memory in use after: 65.0 MB.

Unloading 18 unused Assets to reduce memory usage. Loaded Objects now: 1830.
Total: 7.402600 ms (FindLiveObjects: 0.277700 ms CreateObjectMapping: 0.100900 ms MarkObjects: 6.592500 ms  DeleteObjects: 0.428000 ms)

AssetImportParameters requested are different than current active one (requested -> active):
  custom:framework-win-MediaFoundation: 216162199b28c13a410421893ffa2e32 -> 
  custom:video-decoder-ogg-theora: a1e56fd34408186e4bbccfd4996cb3dc -> 
  custom:container-muxer-webm: aa71ff27fc2769a1b78a27578f13a17b -> 
  custom:container-demuxer-webm: 4f35f7cbe854078d1ac9338744f61a02 -> 
  custom:container-demuxer-ogg: 62fdf1f143b41e24485cea50d1cbac27 -> 
  custom:video-encoder-webm-vp8: eb34c28f22e8b96e1ab97ce403110664 -> 
  custom:video-codec-MediaFoundation-h265: 746d11721c4dcdbdad8f713fa42b33f4 -> 
  custom:video-decoder-webm-vp8: 9c59270c3fd7afecdb556c50c9e8de78 -> 
  custom:audio-decoder-ogg-vorbis: bf7c407c2cedff20999df2af8eb42d56 -> 
  custom:audio-encoder-webm-vorbis: bf7c407c2cedff20999df2af8eb42d56 -> 
========================================================================
Received Import Request.
  path: Assets
  artifactKey: Guid(00000000000000001000000000000000) Importer(815301076,1909f56bfc062723c751e8b465ee728b)
Start importing Assets using Guid(00000000000000001000000000000000) Importer(815301076,1909f56bfc062723c751e8b465ee728b)  -> (artifact id: '42d402b061de3733987d63b9cc3b64de') in 0.017870 seconds 
  Import took 0.025579 seconds .

========================================================================
Received Import Request.
  Time since last request: 8.226737 seconds.
  path: Assets/New Folder
  artifactKey: Guid(8f91fb3dd8bed2d41a7c18eef8b9a365) Importer(815301076,1909f56bfc062723c751e8b465ee728b)
Start importing Assets/New Folder using Guid(8f91fb3dd8bed2d41a7c18eef8b9a365) Importer(815301076,1909f56bfc062723c751e8b465ee728b)  -> (artifact id: '3f1ce674bf7461e98514cf05b8ad8671') in 0.012345 seconds 
  Import took 0.018719 seconds .

========================================================================
Received Import Request.
  Time since last request: 10.372536 seconds.
  path: Assets/Material
  artifactKey: Guid(8f91fb3dd8bed2d41a7c18eef8b9a365) Importer(815301076,1909f56bfc062723c751e8b465ee728b)
Start importing Assets/Material using Guid(8f91fb3dd8bed2d41a7c18eef8b9a365) Importer(815301076,1909f56bfc062723c751e8b465ee728b)  -> (artifact id: 'c322070b8d6882e492a43f965fbc305a') in 0.011629 seconds 
  Import took 0.021219 seconds .

========================================================================
Received Import Request.
  Time since last request: 19.621236 seconds.
  path: Assets/Material/New Material.mat
  artifactKey: Guid(5d4782d9a6ec94845854a1fd9af5a1b3) Importer(815301076,1909f56bfc062723c751e8b465ee728b)
Start importing Assets/Material/New Material.mat using Guid(5d4782d9a6ec94845854a1fd9af5a1b3) Importer(815301076,1909f56bfc062723c751e8b465ee728b)  -> (artifact id: 'f378dd7e0f0c7004ce5a291ec6da480b') in 0.383036 seconds 
  Import took 0.389656 seconds .

========================================================================
Received Import Request.
  Time since last request: 19.438349 seconds.
  path: Assets/Material/Floor Dirt.mat
  artifactKey: Guid(5d4782d9a6ec94845854a1fd9af5a1b3) Importer(815301076,1909f56bfc062723c751e8b465ee728b)
Start importing Assets/Material/Floor Dirt.mat using Guid(5d4782d9a6ec94845854a1fd9af5a1b3) Importer(815301076,1909f56bfc062723c751e8b465ee728b)  -> (artifact id: 'e79546fa21bdce2d763bf368ffad5a99') in 0.037613 seconds 
  Import took 0.046349 seconds .

========================================================================
Received Import Request.
  Time since last request: 251.977779 seconds.
  path: Assets/Material/Floor Dirt.mat
  artifactKey: Guid(5d4782d9a6ec94845854a1fd9af5a1b3) Importer(815301076,1909f56bfc062723c751e8b465ee728b)
Start importing Assets/Material/Floor Dirt.mat using Guid(5d4782d9a6ec94845854a1fd9af5a1b3) Importer(815301076,1909f56bfc062723c751e8b465ee728b)  -> (artifact id: '3f1195676cd7e0e35c6ac7f8d4382218') in 0.034172 seconds 
  Import took 0.039444 seconds .

========================================================================
Received Import Request.
  Time since last request: 66.577669 seconds.
  path: Assets/Material/Grass.mat
  artifactKey: Guid(3328f71405ac1aa43995a19512eb8a25) Importer(815301076,1909f56bfc062723c751e8b465ee728b)
Start importing Assets/Material/Grass.mat using Guid(3328f71405ac1aa43995a19512eb8a25) Importer(815301076,1909f56bfc062723c751e8b465ee728b)  -> (artifact id: 'ae3529c9eb2301bcfc36c288016196d3') in 0.030587 seconds 
  Import took 0.039159 seconds .

AssetImportWorkerClient::OnTransportError - code=2 error=End of file
