Using pre-set license
Built from '2020.3/staging' branch; Version is '2020.3.17f1 (a4537701e4ab) revision 10769271'; Using compiler version '192528614'; Build Type 'Release'
OS: 'Windows 10 Home; OS build 19042.1237; Version 2009; 64bit' Language: 'en' Physical Memory: 7942 MB
BatchMode: 1, IsHumanControllingUs: 0, StartBugReporterOnCrash: 0, Is64bit: 1, IsPro: 0

COMMAND LINE ARGUMENTS:
C:\Program Files\Unity\Hub\Editor\2020.3.17f1\Editor\Unity.exe
-adb2
-batchMode
-noUpm
-name
AssetImportWorker0
-projectPath
C:/Users/mapie/Documents/GitHub/alternaterealities/Untouched
-logFile
Logs/AssetImportWorker0.log
-srvPort
61713
Successfully changed project path to: C:/Users/mapie/Documents/GitHub/alternaterealities/Untouched
C:/Users/mapie/Documents/GitHub/alternaterealities/Untouched
Using Asset Import Pipeline V2.
Refreshing native plugins compatible for Editor in 297.41 ms, found 2 plugins.
Preloading 0 native plugins for Editor in 0.00 ms.
Initialize engine version: 2020.3.17f1 (a4537701e4ab)
[Subsystems] Discovering subsystems at path C:/Program Files/Unity/Hub/Editor/2020.3.17f1/Editor/Data/Resources/UnitySubsystems
[Subsystems] Discovering subsystems at path C:/Users/mapie/Documents/GitHub/alternaterealities/Untouched/Assets
GfxDevice: creating device client; threaded=0
Direct3D:
    Version:  Direct3D 11.0 [level 11.1]
    Renderer: Intel(R) UHD Graphics (ID=0x9b41)
    Vendor:   
    VRAM:     3971 MB
    Driver:   26.20.100.6911
Initialize mono
Mono path[0] = 'C:/Program Files/Unity/Hub/Editor/2020.3.17f1/Editor/Data/Managed'
Mono path[1] = 'C:/Program Files/Unity/Hub/Editor/2020.3.17f1/Editor/Data/MonoBleedingEdge/lib/mono/unityjit'
Mono config path = 'C:/Program Files/Unity/Hub/Editor/2020.3.17f1/Editor/Data/MonoBleedingEdge/etc'
Using monoOptions --debugger-agent=transport=dt_socket,embedding=1,server=y,suspend=n,address=127.0.0.1:56820
Begin MonoManager ReloadAssembly
Registering precompiled unity dll's ...
Register platform support module: C:/Program Files/Unity/Hub/Editor/2020.3.17f1/Editor/Data/PlaybackEngines/WindowsStandaloneSupport/UnityEditor.WindowsStandalone.Extensions.dll
Registered in 0.003863 seconds.
Native extension for WindowsStandalone target not found
Refreshing native plugins compatible for Editor in 79.07 ms, found 2 plugins.
Preloading 0 native plugins for Editor in 0.00 ms.
Mono: successfully reloaded assembly
- Completed reload, in  3.386 seconds
Domain Reload Profiling:
	ReloadAssembly (3387ms)
		BeginReloadAssembly (115ms)
			ExecutionOrderSort (0ms)
			DisableScriptedObjects (0ms)
			BackupInstance (0ms)
			ReleaseScriptingObjects (0ms)
			CreateAndSetChildDomain (2ms)
		EndReloadAssembly (566ms)
			LoadAssemblies (110ms)
			RebuildTransferFunctionScriptingTraits (0ms)
			SetupTypeCache (188ms)
			ReleaseScriptCaches (0ms)
			RebuildScriptCaches (38ms)
			SetupLoadedEditorAssemblies (240ms)
				LogAssemblyErrors (0ms)
				InitializePlatformSupportModulesInManaged (6ms)
				SetLoadedEditorAssemblies (0ms)
				RefreshPlugins (79ms)
				BeforeProcessingInitializeOnLoad (22ms)
				ProcessInitializeOnLoadAttributes (98ms)
				ProcessInitializeOnLoadMethodAttributes (35ms)
				AfterProcessingInitializeOnLoad (0ms)
				EditorAssembliesLoaded (0ms)
			ExecutionOrderSort2 (0ms)
			AwakeInstancesAfterBackupRestoration (0ms)
Platform modules already initialized, skipping
Registering precompiled user dll's ...
Registered in 0.014267 seconds.
Begin MonoManager ReloadAssembly
Native extension for WindowsStandalone target not found
Refreshing native plugins compatible for Editor in 121.81 ms, found 2 plugins.
Preloading 0 native plugins for Editor in 0.00 ms.
Mono: successfully reloaded assembly
- Completed reload, in  2.495 seconds
Domain Reload Profiling:
	ReloadAssembly (2498ms)
		BeginReloadAssembly (303ms)
			ExecutionOrderSort (1ms)
			DisableScriptedObjects (24ms)
			BackupInstance (0ms)
			ReleaseScriptingObjects (0ms)
			CreateAndSetChildDomain (31ms)
		EndReloadAssembly (2078ms)
			LoadAssemblies (256ms)
			RebuildTransferFunctionScriptingTraits (0ms)
			SetupTypeCache (681ms)
			ReleaseScriptCaches (1ms)
			RebuildScriptCaches (122ms)
			SetupLoadedEditorAssemblies (728ms)
				LogAssemblyErrors (0ms)
				InitializePlatformSupportModulesInManaged (6ms)
				SetLoadedEditorAssemblies (0ms)
				RefreshPlugins (122ms)
				BeforeProcessingInitializeOnLoad (156ms)
				ProcessInitializeOnLoadAttributes (401ms)
				ProcessInitializeOnLoadMethodAttributes (6ms)
				AfterProcessingInitializeOnLoad (36ms)
				EditorAssembliesLoaded (1ms)
			ExecutionOrderSort2 (0ms)
			AwakeInstancesAfterBackupRestoration (11ms)
Platform modules already initialized, skipping
========================================================================
Worker process is ready to serve import requests
Launched and connected shader compiler UnityShaderCompiler.exe after 0.08 seconds
Refreshing native plugins compatible for Editor in 1.18 ms, found 2 plugins.
Preloading 0 native plugins for Editor in 0.00 ms.
Unloading 3178 Unused Serialized files (Serialized files now loaded: 0)
System memory in use before: 148.6 MB.
System memory in use after: 148.7 MB.

Unloading 21 unused Assets to reduce memory usage. Loaded Objects now: 3631.
Total: 8.519600 ms (FindLiveObjects: 0.557500 ms CreateObjectMapping: 0.375200 ms MarkObjects: 7.158000 ms  DeleteObjects: 0.425400 ms)

AssetImportParameters requested are different than current active one (requested -> active):
  custom:framework-win-MediaFoundation: 216162199b28c13a410421893ffa2e32 -> 
  custom:video-decoder-ogg-theora: a1e56fd34408186e4bbccfd4996cb3dc -> 
  custom:container-muxer-webm: aa71ff27fc2769a1b78a27578f13a17b -> 
  custom:container-demuxer-webm: 4f35f7cbe854078d1ac9338744f61a02 -> 
  custom:container-demuxer-ogg: 62fdf1f143b41e24485cea50d1cbac27 -> 
  custom:video-encoder-webm-vp8: eb34c28f22e8b96e1ab97ce403110664 -> 
  custom:video-codec-MediaFoundation-h265: 746d11721c4dcdbdad8f713fa42b33f4 -> 
  custom:video-decoder-webm-vp8: 9c59270c3fd7afecdb556c50c9e8de78 -> 
  custom:audio-decoder-ogg-vorbis: bf7c407c2cedff20999df2af8eb42d56 -> 
  custom:audio-encoder-webm-vorbis: bf7c407c2cedff20999df2af8eb42d56 -> 
========================================================================
Received Import Request.
  path: Assets/Grass/Materials/Materials/ground6_Diffuse.mat
  artifactKey: Guid(68ebd349b957a584d9ad9a9968b740a7) Importer(815301076,1909f56bfc062723c751e8b465ee728b)
Start importing Assets/Grass/Materials/Materials/ground6_Diffuse.mat using Guid(68ebd349b957a584d9ad9a9968b740a7) Importer(815301076,1909f56bfc062723c751e8b465ee728b)  -> (artifact id: '85371f1ac025399804be2cf1e5e27b61') in 0.668287 seconds 
  Import took 0.679852 seconds .

========================================================================
Received Import Request.
  Time since last request: 0.000687 seconds.
  path: Assets/Grass/Materials/Materials
  artifactKey: Guid(5617267c246047240beb3a9ffb870fdb) Importer(815301076,1909f56bfc062723c751e8b465ee728b)
Start importing Assets/Grass/Materials/Materials using Guid(5617267c246047240beb3a9ffb870fdb) Importer(815301076,1909f56bfc062723c751e8b465ee728b)  -> (artifact id: 'de817bfceae100059ffb7f05eeec730f') in 0.003322 seconds 
  Import took 0.011709 seconds .

========================================================================
Received Import Request.
  Time since last request: 434.036730 seconds.
  path: Assets/ParticleLight/Shader
  artifactKey: Guid(4d95f24daeb20944e98e70c5b67d0df5) Importer(815301076,1909f56bfc062723c751e8b465ee728b)
Start importing Assets/ParticleLight/Shader using Guid(4d95f24daeb20944e98e70c5b67d0df5) Importer(815301076,1909f56bfc062723c751e8b465ee728b)  -> (artifact id: 'be75cca5478f7a05baeb22b1abbb5339') in 0.013097 seconds 
  Import took 0.019951 seconds .

========================================================================
Received Import Request.
  Time since last request: 0.014602 seconds.
  path: Assets/ParticleLight/Shader
  artifactKey: Guid(4d95f24daeb20944e98e70c5b67d0df5) Importer(815301076,1909f56bfc062723c751e8b465ee728b)
Start importing Assets/ParticleLight/Shader using Guid(4d95f24daeb20944e98e70c5b67d0df5) Importer(815301076,1909f56bfc062723c751e8b465ee728b)  -> (artifact id: 'be75cca5478f7a05baeb22b1abbb5339') in 0.002685 seconds 
  Import took 0.010902 seconds .

========================================================================
Received Import Request.
  Time since last request: 439.624388 seconds.
  path: Assets/AllSkyFree/_AllSkyFreeDemoEnvironment
  artifactKey: Guid(4392334f044e44affbf9f5162eb718ae) Importer(815301076,1909f56bfc062723c751e8b465ee728b)
Start importing Assets/AllSkyFree/_AllSkyFreeDemoEnvironment using Guid(4392334f044e44affbf9f5162eb718ae) Importer(815301076,1909f56bfc062723c751e8b465ee728b)  -> (artifact id: '18c4523c64092c7d54ee34b9858095d7') in 0.002961 seconds 
  Import took 0.019067 seconds .

========================================================================
Received Import Request.
  Time since last request: 8.810103 seconds.
  path: Assets/AllSkyFree/_AllSkyFreeDemoEnvironment/Materials/AllSkyDemoEnv_Building.mat
  artifactKey: Guid(4ecd3f24879b0402c92f21617e3db5e1) Importer(815301076,1909f56bfc062723c751e8b465ee728b)
Start importing Assets/AllSkyFree/_AllSkyFreeDemoEnvironment/Materials/AllSkyDemoEnv_Building.mat using Guid(4ecd3f24879b0402c92f21617e3db5e1) Importer(815301076,1909f56bfc062723c751e8b465ee728b)  -> (artifact id: 'ac230873250d112074c2b7f81cffa759') in 0.041564 seconds 
  Import took 0.049851 seconds .

========================================================================
Received Import Request.
  Time since last request: 0.000412 seconds.
  path: Assets/AllSkyFree/_AllSkyFreeDemoEnvironment/Materials/AllSkyDemoEnv_Flag_Red.mat
  artifactKey: Guid(33230baef4dda4cf4bd25fcb15d0d06f) Importer(815301076,1909f56bfc062723c751e8b465ee728b)
Start importing Assets/AllSkyFree/_AllSkyFreeDemoEnvironment/Materials/AllSkyDemoEnv_Flag_Red.mat using Guid(33230baef4dda4cf4bd25fcb15d0d06f) Importer(815301076,1909f56bfc062723c751e8b465ee728b)  -> (artifact id: 'ac6a833a4bec4fce12a879f789043828') in 0.013682 seconds 
  Import took 0.020281 seconds .

========================================================================
Received Import Request.
  Time since last request: 0.000371 seconds.
  path: Assets/AllSkyFree/_AllSkyFreeDemoEnvironment/Materials/AllSkyDemoEnv_Flag_Blue.mat
  artifactKey: Guid(8e64a72f2cb9c45bba4b11d98489b11f) Importer(815301076,1909f56bfc062723c751e8b465ee728b)
Start importing Assets/AllSkyFree/_AllSkyFreeDemoEnvironment/Materials/AllSkyDemoEnv_Flag_Blue.mat using Guid(8e64a72f2cb9c45bba4b11d98489b11f) Importer(815301076,1909f56bfc062723c751e8b465ee728b)  -> (artifact id: '958ab00d2620e4c9a1e7bccff80b65d2') in 0.012929 seconds 
  Import took 0.019548 seconds .

========================================================================
Received Import Request.
  Time since last request: 0.000356 seconds.
  path: Assets/AllSkyFree/_AllSkyFreeDemoEnvironment/Materials/AllSkyDemoEnv_Flag_Gold.mat
  artifactKey: Guid(01a7bc73373864398befa5c72ebb094c) Importer(815301076,1909f56bfc062723c751e8b465ee728b)
Start importing Assets/AllSkyFree/_AllSkyFreeDemoEnvironment/Materials/AllSkyDemoEnv_Flag_Gold.mat using Guid(01a7bc73373864398befa5c72ebb094c) Importer(815301076,1909f56bfc062723c751e8b465ee728b)  -> (artifact id: 'bea18e6476df6b2232531a227b0a1b30') in 0.015321 seconds 
  Import took 0.023105 seconds .

========================================================================
Received Import Request.
  Time since last request: 0.154282 seconds.
  path: Assets/AllSkyFree/_AllSkyFreeDemoEnvironment/Materials/AllSkyDemoEnv_Building.mat
  artifactKey: Guid(4ecd3f24879b0402c92f21617e3db5e1) Importer(815301076,1909f56bfc062723c751e8b465ee728b)
Start importing Assets/AllSkyFree/_AllSkyFreeDemoEnvironment/Materials/AllSkyDemoEnv_Building.mat using Guid(4ecd3f24879b0402c92f21617e3db5e1) Importer(815301076,1909f56bfc062723c751e8b465ee728b)  -> (artifact id: 'ac230873250d112074c2b7f81cffa759') in 0.041178 seconds 
  Import took 0.052070 seconds .

========================================================================
Received Import Request.
  Time since last request: 1.417135 seconds.
  path: Assets/AllSkyFree/_AllSkyFreeDemoEnvironment/Materials/AllSkyDemoEnv_FlagGreen.mat
  artifactKey: Guid(0acfc71c325c54b92add0b07097b6c57) Importer(815301076,1909f56bfc062723c751e8b465ee728b)
Start importing Assets/AllSkyFree/_AllSkyFreeDemoEnvironment/Materials/AllSkyDemoEnv_FlagGreen.mat using Guid(0acfc71c325c54b92add0b07097b6c57) Importer(815301076,1909f56bfc062723c751e8b465ee728b)  -> (artifact id: '596958e06954984c9a13ff402df50c8e') in 0.013967 seconds 
  Import took 0.023544 seconds .

========================================================================
Received Import Request.
  Time since last request: 0.002277 seconds.
  path: Assets/AllSkyFree/_AllSkyFreeDemoEnvironment/Materials/AllSkyDemoEnv_FlagGreen.mat
  artifactKey: Guid(0acfc71c325c54b92add0b07097b6c57) Importer(815301076,1909f56bfc062723c751e8b465ee728b)
Start importing Assets/AllSkyFree/_AllSkyFreeDemoEnvironment/Materials/AllSkyDemoEnv_FlagGreen.mat using Guid(0acfc71c325c54b92add0b07097b6c57) Importer(815301076,1909f56bfc062723c751e8b465ee728b)  -> (artifact id: '596958e06954984c9a13ff402df50c8e') in 0.012716 seconds 
  Import took 0.026428 seconds .

========================================================================
Received Import Request.
  Time since last request: 1.791285 seconds.
  path: Assets/AllSkyFree/_AllSkyFreeDemoEnvironment/Materials/AllSkyDemoEnv_Landscape.mat
  artifactKey: Guid(010dd68491d1d4a1692a6d2272e5cb69) Importer(815301076,1909f56bfc062723c751e8b465ee728b)
Start importing Assets/AllSkyFree/_AllSkyFreeDemoEnvironment/Materials/AllSkyDemoEnv_Landscape.mat using Guid(010dd68491d1d4a1692a6d2272e5cb69) Importer(815301076,1909f56bfc062723c751e8b465ee728b)  -> (artifact id: '3967e3765b233be4a71460e379629feb') in 0.014999 seconds 
  Import took 0.021667 seconds .

========================================================================
Received Import Request.
  Time since last request: 0.524727 seconds.
  path: Assets/AllSkyFree/_AllSkyFreeDemoEnvironment/Materials/AllSkyDemoEnv_LightIllum.mat
  artifactKey: Guid(ff33c7fce672541f095331a057da80f0) Importer(815301076,1909f56bfc062723c751e8b465ee728b)
Start importing Assets/AllSkyFree/_AllSkyFreeDemoEnvironment/Materials/AllSkyDemoEnv_LightIllum.mat using Guid(ff33c7fce672541f095331a057da80f0) Importer(815301076,1909f56bfc062723c751e8b465ee728b)  -> (artifact id: '0be8e781ad58a1df67cffbed4ccc4f01') in 0.014058 seconds 
  Import took 0.021454 seconds .

========================================================================
Received Import Request.
  Time since last request: 0.536991 seconds.
  path: Assets/AllSkyFree/_AllSkyFreeDemoEnvironment/Materials/AllSkyDemoEnv_LightMetal.mat
  artifactKey: Guid(3e33a38e2349f447d9fb9ae62269009c) Importer(815301076,1909f56bfc062723c751e8b465ee728b)
Start importing Assets/AllSkyFree/_AllSkyFreeDemoEnvironment/Materials/AllSkyDemoEnv_LightMetal.mat using Guid(3e33a38e2349f447d9fb9ae62269009c) Importer(815301076,1909f56bfc062723c751e8b465ee728b)  -> (artifact id: 'cdb9a7a43927ebe9e99bd20b0bbcf380') in 0.014820 seconds 
  Import took 0.023313 seconds .

========================================================================
Received Import Request.
  Time since last request: 152.134984 seconds.
  path: Assets/AllSkyFree/Deep Dusk/Materials/Deep Dusk Equirect.mat
  artifactKey: Guid(54cbf96c205896f46af2800b0dd38564) Importer(815301076,1909f56bfc062723c751e8b465ee728b)
Start importing Assets/AllSkyFree/Deep Dusk/Materials/Deep Dusk Equirect.mat using Guid(54cbf96c205896f46af2800b0dd38564) Importer(815301076,1909f56bfc062723c751e8b465ee728b)  -> (artifact id: '4089a2c9c4d8bf31b6b1a4552b6f6ee3') in 0.062016 seconds 
  Import took 0.071284 seconds .

========================================================================
Received Import Request.
  Time since last request: 1453.738251 seconds.
  path: Assets/Furniture/Materials/Sink.mat
  artifactKey: Guid(fd92ddb1f0c8f3e498993cb5d2527a5d) Importer(815301076,1909f56bfc062723c751e8b465ee728b)
Start importing Assets/Furniture/Materials/Sink.mat using Guid(fd92ddb1f0c8f3e498993cb5d2527a5d) Importer(815301076,1909f56bfc062723c751e8b465ee728b)  -> (artifact id: '3e459666b17a1eb93ed3bb859904a1ec') in 0.101467 seconds 
  Import took 0.111799 seconds .

========================================================================
Received Import Request.
  Time since last request: 0.158763 seconds.
  path: Assets/Furniture/Materials/Sink.mat
  artifactKey: Guid(fd92ddb1f0c8f3e498993cb5d2527a5d) Importer(815301076,1909f56bfc062723c751e8b465ee728b)
Start importing Assets/Furniture/Materials/Sink.mat using Guid(fd92ddb1f0c8f3e498993cb5d2527a5d) Importer(815301076,1909f56bfc062723c751e8b465ee728b)  -> (artifact id: '3e459666b17a1eb93ed3bb859904a1ec') in 0.084618 seconds 
  Import took 0.092255 seconds .

========================================================================
Received Import Request.
  Time since last request: 616.102712 seconds.
  path: Assets/AllSkyFree/Cartoon Base NightSky
  artifactKey: Guid(edfd7568a47754e23b20068c1847c5fb) Importer(815301076,1909f56bfc062723c751e8b465ee728b)
Start importing Assets/AllSkyFree/Cartoon Base NightSky using Guid(edfd7568a47754e23b20068c1847c5fb) Importer(815301076,1909f56bfc062723c751e8b465ee728b)  -> (artifact id: 'dda73375817968136f1a562435f94ab4') in 0.014693 seconds 
  Import took 0.024916 seconds .

========================================================================
Received Import Request.
  Time since last request: 0.005506 seconds.
  path: Assets/AllSkyFree/Cartoon Base NightSky
  artifactKey: Guid(edfd7568a47754e23b20068c1847c5fb) Importer(815301076,1909f56bfc062723c751e8b465ee728b)
Start importing Assets/AllSkyFree/Cartoon Base NightSky using Guid(edfd7568a47754e23b20068c1847c5fb) Importer(815301076,1909f56bfc062723c751e8b465ee728b)  -> (artifact id: 'dda73375817968136f1a562435f94ab4') in 0.002468 seconds 
  Import took 0.009998 seconds .

========================================================================
Received Import Request.
  Time since last request: 2.090845 seconds.
  path: Assets/AllSkyFree/Cold Night
  artifactKey: Guid(5002a90c1ac5742af853cc504426d653) Importer(815301076,1909f56bfc062723c751e8b465ee728b)
Start importing Assets/AllSkyFree/Cold Night using Guid(5002a90c1ac5742af853cc504426d653) Importer(815301076,1909f56bfc062723c751e8b465ee728b)  -> (artifact id: '3c61b4849b08618c4cd10dd7071dd27c') in 0.014072 seconds 
  Import took 0.021761 seconds .

========================================================================
Received Import Request.
  Time since last request: 0.003712 seconds.
  path: Assets/AllSkyFree/Cold Night
  artifactKey: Guid(5002a90c1ac5742af853cc504426d653) Importer(815301076,1909f56bfc062723c751e8b465ee728b)
Start importing Assets/AllSkyFree/Cold Night using Guid(5002a90c1ac5742af853cc504426d653) Importer(815301076,1909f56bfc062723c751e8b465ee728b)  -> (artifact id: '3c61b4849b08618c4cd10dd7071dd27c') in 0.002557 seconds 
  Import took 0.009434 seconds .

========================================================================
Received Import Request.
  Time since last request: 14.136769 seconds.
  path: Assets/AllSkyFree/Cold Sunset/Materials/Cold Sunset Equirect.mat
  artifactKey: Guid(4e094ee67151a714db6cd4624ba54014) Importer(815301076,1909f56bfc062723c751e8b465ee728b)
Start importing Assets/AllSkyFree/Cold Sunset/Materials/Cold Sunset Equirect.mat using Guid(4e094ee67151a714db6cd4624ba54014) Importer(815301076,1909f56bfc062723c751e8b465ee728b)  -> (artifact id: '1627ea72d8e39f9c8a73d1f084572d69') in 0.083083 seconds 
  Import took 0.094893 seconds .

========================================================================
Received Import Request.
  Time since last request: 0.123927 seconds.
  path: Assets/AllSkyFree/Cold Sunset/Materials
  artifactKey: Guid(82a252d2bc398284f8c5c49cef918747) Importer(815301076,1909f56bfc062723c751e8b465ee728b)
Start importing Assets/AllSkyFree/Cold Sunset/Materials using Guid(82a252d2bc398284f8c5c49cef918747) Importer(815301076,1909f56bfc062723c751e8b465ee728b)  -> (artifact id: 'b1c84afc8f52c59fc0cf762cc50033a0') in 0.003180 seconds 
  Import took 0.022824 seconds .

========================================================================
Received Import Request.
  Time since last request: 0.194797 seconds.
  path: Assets/AllSkyFree/Cold Sunset/Materials
  artifactKey: Guid(82a252d2bc398284f8c5c49cef918747) Importer(815301076,1909f56bfc062723c751e8b465ee728b)
Start importing Assets/AllSkyFree/Cold Sunset/Materials using Guid(82a252d2bc398284f8c5c49cef918747) Importer(815301076,1909f56bfc062723c751e8b465ee728b)  -> (artifact id: 'b1c84afc8f52c59fc0cf762cc50033a0') in 0.003837 seconds 
  Import took 0.014853 seconds .

========================================================================
Received Import Request.
  Time since last request: 202.601066 seconds.
  path: Assets/Furniture/Materials/DiningRoom_EnterFrame.mat
  artifactKey: Guid(b7a0c84f0ef90c242b144497357e72b5) Importer(815301076,1909f56bfc062723c751e8b465ee728b)
Start importing Assets/Furniture/Materials/DiningRoom_EnterFrame.mat using Guid(b7a0c84f0ef90c242b144497357e72b5) Importer(815301076,1909f56bfc062723c751e8b465ee728b)  -> (artifact id: '46571064bb8580cfb462d9e6851a6ab2') in 0.098504 seconds 
  Import took 0.110369 seconds .

========================================================================
Received Import Request.
  Time since last request: 0.000365 seconds.
  path: Assets/Furniture/Materials/DiningRoom_EnterGlass.mat
  artifactKey: Guid(69cfd9a1bf2d8b74fa425cf6a69f530e) Importer(815301076,1909f56bfc062723c751e8b465ee728b)
Start importing Assets/Furniture/Materials/DiningRoom_EnterGlass.mat using Guid(69cfd9a1bf2d8b74fa425cf6a69f530e) Importer(815301076,1909f56bfc062723c751e8b465ee728b)  -> (artifact id: '8cfb640f9ab667b235083f9e2b1f4b6a') in 0.129573 seconds 
  Import took 0.138899 seconds .

========================================================================
Received Import Request.
  Time since last request: 0.041579 seconds.
  path: Assets/Furniture/Materials/DiningRoom_EnterFrame.mat
  artifactKey: Guid(b7a0c84f0ef90c242b144497357e72b5) Importer(815301076,1909f56bfc062723c751e8b465ee728b)
Start importing Assets/Furniture/Materials/DiningRoom_EnterFrame.mat using Guid(b7a0c84f0ef90c242b144497357e72b5) Importer(815301076,1909f56bfc062723c751e8b465ee728b)  -> (artifact id: '46571064bb8580cfb462d9e6851a6ab2') in 0.092490 seconds 
  Import took 0.102380 seconds .

========================================================================
Received Import Request.
  Time since last request: 159.595662 seconds.
  path: Assets/Furniture/Materials/Crutches.mat
  artifactKey: Guid(d59a0ff9147d60340bdd14d79daa52b4) Importer(815301076,1909f56bfc062723c751e8b465ee728b)
Start importing Assets/Furniture/Materials/Crutches.mat using Guid(d59a0ff9147d60340bdd14d79daa52b4) Importer(815301076,1909f56bfc062723c751e8b465ee728b)  -> (artifact id: '35243b5568148988b6dbac38e8b41088') in 0.088185 seconds 
  Import took 0.097854 seconds .

========================================================================
Received Import Request.
  Time since last request: 0.000358 seconds.
  path: Assets/Furniture/Materials/ChairLeather.mat
  artifactKey: Guid(b21496d9d639f0b418c95e114d1fd387) Importer(815301076,1909f56bfc062723c751e8b465ee728b)
Start importing Assets/Furniture/Materials/ChairLeather.mat using Guid(b21496d9d639f0b418c95e114d1fd387) Importer(815301076,1909f56bfc062723c751e8b465ee728b)  -> (artifact id: '9d288be171b00e2fb09d6a67f3525765') in 0.216815 seconds 
  Import took 0.224803 seconds .

========================================================================
Received Import Request.
  Time since last request: 0.000434 seconds.
  path: Assets/Furniture/Materials/Case_Door.mat
  artifactKey: Guid(1ad7434fa556867409b2e2afa85105ab) Importer(815301076,1909f56bfc062723c751e8b465ee728b)
Start importing Assets/Furniture/Materials/Case_Door.mat using Guid(1ad7434fa556867409b2e2afa85105ab) Importer(815301076,1909f56bfc062723c751e8b465ee728b)  -> (artifact id: '2ba13b18b22c74728eb899fecf71b4ec') in 0.060079 seconds 
  Import took 0.067038 seconds .

========================================================================
Received Import Request.
  Time since last request: 0.000386 seconds.
  path: Assets/Furniture/Materials/Case_Main.mat
  artifactKey: Guid(bd8cd2b31b77aea4da515d4a3113223a) Importer(815301076,1909f56bfc062723c751e8b465ee728b)
Start importing Assets/Furniture/Materials/Case_Main.mat using Guid(bd8cd2b31b77aea4da515d4a3113223a) Importer(815301076,1909f56bfc062723c751e8b465ee728b)  -> (artifact id: '7f801d7a3ec6744c5555671be3871aa9') in 0.127823 seconds 
  Import took 0.135304 seconds .

========================================================================
Received Import Request.
  Time since last request: 2.429125 seconds.
  path: Assets/Furniture/Materials/Bed.mat
  artifactKey: Guid(bae36a3f7d4aff346b9b3f5870aea1d0) Importer(815301076,1909f56bfc062723c751e8b465ee728b)
Start importing Assets/Furniture/Materials/Bed.mat using Guid(bae36a3f7d4aff346b9b3f5870aea1d0) Importer(815301076,1909f56bfc062723c751e8b465ee728b)  -> (artifact id: 'd34c7789d2b659a553d1e03836c056f4') in 0.075340 seconds 
  Import took 0.082522 seconds .

========================================================================
Received Import Request.
  Time since last request: 0.005028 seconds.
  path: Assets/Furniture/Materials/Bed.mat
  artifactKey: Guid(bae36a3f7d4aff346b9b3f5870aea1d0) Importer(815301076,1909f56bfc062723c751e8b465ee728b)
Start importing Assets/Furniture/Materials/Bed.mat using Guid(bae36a3f7d4aff346b9b3f5870aea1d0) Importer(815301076,1909f56bfc062723c751e8b465ee728b)  -> (artifact id: 'd34c7789d2b659a553d1e03836c056f4') in 0.189658 seconds 
  Import took 0.199141 seconds .

========================================================================
Received Import Request.
  Time since last request: 1.321136 seconds.
  path: Assets/AllSkyFree/_AllSkyFreeDemoEnvironment/Materials/AllSkyDemoEnv_TreeTrunk.mat
  artifactKey: Guid(52d55542834f2465eb9aed460fd370de) Importer(815301076,1909f56bfc062723c751e8b465ee728b)
Start importing Assets/AllSkyFree/_AllSkyFreeDemoEnvironment/Materials/AllSkyDemoEnv_TreeTrunk.mat using Guid(52d55542834f2465eb9aed460fd370de) Importer(815301076,1909f56bfc062723c751e8b465ee728b)  -> (artifact id: '886fcea6d8b3881d7c4dae6b21fe8843') in 0.012672 seconds 
  Import took 0.021747 seconds .

========================================================================
Received Import Request.
  Time since last request: 0.000374 seconds.
  path: Assets/AllSkyFree/_AllSkyFreeDemoEnvironment/Materials/AllSkyDemoEnv_TreeLeaves.mat
  artifactKey: Guid(2f31f4440de60444b8dd94d4d64b3c00) Importer(815301076,1909f56bfc062723c751e8b465ee728b)
Start importing Assets/AllSkyFree/_AllSkyFreeDemoEnvironment/Materials/AllSkyDemoEnv_TreeLeaves.mat using Guid(2f31f4440de60444b8dd94d4d64b3c00) Importer(815301076,1909f56bfc062723c751e8b465ee728b)  -> (artifact id: '1f8ad41475c01bc74e5c7065b2e29664') in 0.033678 seconds 
  Import took 0.044297 seconds .

========================================================================
Received Import Request.
  Time since last request: 0.000431 seconds.
  path: Assets/AllSkyFree/_AllSkyFreeDemoEnvironment/Materials/AllSkyDemoEnv_SphereSkyReflect.mat
  artifactKey: Guid(6b37186f17556447eb6746e517892110) Importer(815301076,1909f56bfc062723c751e8b465ee728b)
Start importing Assets/AllSkyFree/_AllSkyFreeDemoEnvironment/Materials/AllSkyDemoEnv_SphereSkyReflect.mat using Guid(6b37186f17556447eb6746e517892110) Importer(815301076,1909f56bfc062723c751e8b465ee728b)  -> (artifact id: 'a00e513bf41b14a279d7ebc1bd3a5ded') in 0.148050 seconds 
  Import took 0.166509 seconds .

========================================================================
Received Import Request.
  Time since last request: 3.806397 seconds.
  path: Assets/ParticleLight/Model/Materials/02 - Default.mat
  artifactKey: Guid(c9df9bc90f687814e99ca08a60af688f) Importer(815301076,1909f56bfc062723c751e8b465ee728b)
Start importing Assets/ParticleLight/Model/Materials/02 - Default.mat using Guid(c9df9bc90f687814e99ca08a60af688f) Importer(815301076,1909f56bfc062723c751e8b465ee728b)  -> (artifact id: '26d1ec770f1acebc11307c8d70b8f36b') in 0.035863 seconds 
  Import took 0.045012 seconds .

========================================================================
Received Import Request.
  Time since last request: 7.461574 seconds.
  path: Assets/AllSkyFree/_AllSkyFreeDemoEnvironment/Materials/AllSkyDemoEnv_MountainGlow.mat
  artifactKey: Guid(1d924399aa96d4378b9c507b7669a4f4) Importer(815301076,1909f56bfc062723c751e8b465ee728b)
Start importing Assets/AllSkyFree/_AllSkyFreeDemoEnvironment/Materials/AllSkyDemoEnv_MountainGlow.mat using Guid(1d924399aa96d4378b9c507b7669a4f4) Importer(815301076,1909f56bfc062723c751e8b465ee728b)  -> (artifact id: 'e13adc81a3ce2ef02af2d96f2ef29ecb') in 0.025159 seconds 
  Import took 0.033951 seconds .

========================================================================
Received Import Request.
  Time since last request: 0.411950 seconds.
  path: Assets/AllSkyFree/_AllSkyFreeDemoEnvironment/Materials/AllSkyDemoEnv_Rock.mat
  artifactKey: Guid(bfe0cbb8b308b4a40a8f309f516eede2) Importer(815301076,1909f56bfc062723c751e8b465ee728b)
Start importing Assets/AllSkyFree/_AllSkyFreeDemoEnvironment/Materials/AllSkyDemoEnv_Rock.mat using Guid(bfe0cbb8b308b4a40a8f309f516eede2) Importer(815301076,1909f56bfc062723c751e8b465ee728b)  -> (artifact id: 'a2049273af3147c4acf87ea691b8a6a6') in 0.025380 seconds 
  Import took 0.033248 seconds .

========================================================================
Received Import Request.
  Time since last request: 0.002773 seconds.
  path: Assets/AllSkyFree/_AllSkyFreeDemoEnvironment/Materials/AllSkyDemoEnv_Rock.mat
  artifactKey: Guid(bfe0cbb8b308b4a40a8f309f516eede2) Importer(815301076,1909f56bfc062723c751e8b465ee728b)
Start importing Assets/AllSkyFree/_AllSkyFreeDemoEnvironment/Materials/AllSkyDemoEnv_Rock.mat using Guid(bfe0cbb8b308b4a40a8f309f516eede2) Importer(815301076,1909f56bfc062723c751e8b465ee728b)  -> (artifact id: 'a2049273af3147c4acf87ea691b8a6a6') in 0.037215 seconds 
  Import took 0.049379 seconds .

========================================================================
Received Import Request.
  Time since last request: 760.850094 seconds.
  path: Assets/AllSkyFree/Deep Dusk/Deep Dusk Equirect.mat
  artifactKey: Guid(c82a334cf5a5e47978749c210cee72a7) Importer(815301076,1909f56bfc062723c751e8b465ee728b)
Start importing Assets/AllSkyFree/Deep Dusk/Deep Dusk Equirect.mat using Guid(c82a334cf5a5e47978749c210cee72a7) Importer(815301076,1909f56bfc062723c751e8b465ee728b)  -> (artifact id: '847020156dabca5eda8cc9d4e2852a4a') in 0.070515 seconds 
  Import took 0.080782 seconds .

========================================================================
Received Import Request.
  Time since last request: 0.008527 seconds.
  path: Assets/AllSkyFree/Deep Dusk/Deep Dusk Equirect.mat
  artifactKey: Guid(c82a334cf5a5e47978749c210cee72a7) Importer(815301076,1909f56bfc062723c751e8b465ee728b)
Start importing Assets/AllSkyFree/Deep Dusk/Deep Dusk Equirect.mat using Guid(c82a334cf5a5e47978749c210cee72a7) Importer(815301076,1909f56bfc062723c751e8b465ee728b)  -> (artifact id: '847020156dabca5eda8cc9d4e2852a4a') in 0.170893 seconds 
  Import took 0.181197 seconds .

AssetImportWorkerClient::OnTransportError - code=2 error=End of file
